#
# A fatal error has been detected by the Java Runtime Environment:
#
#  EXCEPTION_ACCESS_VIOLATION (0xc0000005) at pc=0x0000000180011066, pid=16084, tid=15492
#
# JRE version: OpenJDK Runtime Environment (11.0.6+10) (build 11.0.6+10)
# Java VM: OpenJDK 64-Bit Server VM (11.0.6+10, mixed mode, tiered, compressed oops, g1 gc, windows-amd64)
# Problematic frame:
# C  [OpenAL64.dll+0x11066]
#
# No core dump will be written. Minidumps are not enabled by default on client versions of Windows
#
# If you would like to submit a bug report, please visit:
#   https://github.com/AdoptOpenJDK/openjdk-support/issues
# The crash happened outside the Java Virtual Machine in native code.
# See problematic frame for where to report the bug.
#

---------------  S U M M A R Y ------------

Command Line: -Dfile.encoding=UTF-8 main.Main

Host: Intel(R) Core(TM) i5-7400 CPU @ 3.00GHz, 4 cores, 15G,  Windows 10 , 64 bit Build 19041 (10.0.19041.1645)
Time: Wed Jun  8 01:45:18 2022 Hora estándar de Argentina elapsed time: 3 seconds (0d 0h 0m 3s)

---------------  T H R E A D  ---------------

Current thread (0x000001323bec8800):  JavaThread "jME3 Main" [_thread_in_native, id=15492, stack(0x0000002e49d00000,0x0000002e49e00000)]

Stack: [0x0000002e49d00000,0x0000002e49e00000],  sp=0x0000002e49dfe7d0,  free space=1017k
Native frames: (J=compiled Java code, j=interpreted, Vv=VM code, C=native code)
C  [OpenAL64.dll+0x11066]

Java frames: (J=compiled Java code, j=interpreted, Vv=VM code)
j  org.lwjgl.openal.ALC10.nalcCreateContext(JJ)J+0
j  org.lwjgl.openal.ALC10.alcCreateContext(Lorg/lwjgl/openal/ALCdevice;Ljava/nio/IntBuffer;)Lorg/lwjgl/openal/ALCcontext;+8
j  org.lwjgl.openal.AL.init(Ljava/lang/String;IIZZ)V+69
j  org.lwjgl.openal.AL.create(Ljava/lang/String;IIZZ)V+246
j  org.lwjgl.openal.AL.create(Ljava/lang/String;IIZ)V+5
j  org.lwjgl.openal.AL.create()V+6
j  com.jme3.audio.lwjgl.LwjglALC.createALC()V+0
j  com.jme3.audio.openal.ALAudioRenderer.initOpenAL()V+16
j  com.jme3.audio.openal.ALAudioRenderer.initialize()V+21
j  com.jme3.app.LegacyApplication.initAudio()V+40
j  com.jme3.app.LegacyApplication.initialize()V+31
j  com.jme3.app.SimpleApplication.initialize()V+1
j  com.jme3.system.lwjgl.LwjglAbstractDisplay.initInThread()Z+90
j  com.jme3.system.lwjgl.LwjglAbstractDisplay.run()V+36
j  java.lang.Thread.run()V+11 java.base@11.0.6
v  ~StubRoutines::call_stub

siginfo: EXCEPTION_ACCESS_VIOLATION (0xc0000005), reading address 0x000001323f911004


Register to memory mapping:

RIP=0x0000000180011066 OpenAL64.dll
RAX=0x0000000000000004 is an unknown value
RBX=0x00000132445e0090 points into unknown readable memory: 02 00 00 00 01 00 00 00
RCX=0x000001323f911008 is an unknown value
RDX=0x000001323f911004 is an unknown value
RSP=0x0000002e49dfe7d0 is pointing into the stack for thread: 0x000001323bec8800
RBP=0x00000000000000ff is an unknown value
RSI=0x000001323f9108ac points into unknown readable memory: ff ff ff ff
RDI=0x0 is NULL
R8 =0x00000000000001d6 is an unknown value
R9 =0x000001323f9108ac points into unknown readable memory: ff ff ff ff
R10=0x000001321a5ff088 is at code_begin+1000 in an Interpreter codelet
method entry point (kind = native)  [0x000001321a5feca0, 0x000001321a5ff800]  2912 bytes
R11=0x000000070189c7c8 is an oop: java.lang.Class 
{0x000000070189c7c8} - klass: 'java/lang/Class'
R12=0x0000000000000001 is an unknown value
R13={method} {0x000001324442e058} 'nalcCreateContext' '(JJ)J' in 'org/lwjgl/openal/ALC10'
R14=0x0000002e49dfe970 is pointing into the stack for thread: 0x000001323bec8800
R15=0x000001323bec8800 is a thread


Registers:
RAX=0x0000000000000004, RBX=0x00000132445e0090, RCX=0x000001323f911008, RDX=0x000001323f911004
RSP=0x0000002e49dfe7d0, RBP=0x00000000000000ff, RSI=0x000001323f9108ac, RDI=0x0000000000000000
R8 =0x00000000000001d6, R9 =0x000001323f9108ac, R10=0x000001321a5ff088, R11=0x000000070189c7c8
R12=0x0000000000000001, R13=0x000001324442e050, R14=0x0000002e49dfe970, R15=0x000001323bec8800
RIP=0x0000000180011066, EFLAGS=0x0000000000010202

Top of Stack: (sp=0x0000002e49dfe7d0)
0x0000002e49dfe7d0:   00000132365047b0 0000002800000003
0x0000002e49dfe7e0:   000001323bec8800 0000002e49dfe970
0x0000002e49dfe7f0:   000001324442e050 00007ffb765c5aa9
0x0000002e49dfe800:   0000000000000010 0000000000003878
0x0000002e49dfe810:   000001323bec8800 000001323bec8800
0x0000002e49dfe820:   0000002e49dff280 00007ffb767aefb3
0x0000002e49dfe830:   0000002e49dfe850 000001323bec8800
0x0000002e49dfe840:   000001323bec8800 0000002e49dfe970
0x0000002e49dfe850:   000001324442e050 0000000000000000
0x0000002e49dfe860:   000001323f9108ac 0000000000003878
0x0000002e49dfe870:   0000002e49dfe938 000000018001248f
0x0000002e49dfe880:   00000132445e0090 00000132445e0090
0x0000002e49dfe890:   000001320000ac44 0000013200000004
0x0000002e49dfe8a0:   0000000000000010 000001321a5ff0b7
0x0000002e49dfe8b0:   000001324442e050 000001321a5fed9c
0x0000002e49dfe8c0:   000001323bec8800 000001324442e050 

Instructions: (pc=0x0000000180011066)
0x0000000180010f66:   b0 00 00 00 0f ba a3 fc 00 00 00 1f 44 89 9c 24
0x0000000180010f76:   b0 00 00 00 73 15 48 8b 83 f8 61 01 00 48 8b cb
0x0000000180010f86:   ff 50 20 44 8b 9c 24 b0 00 00 00 0f ba b3 fc 00
0x0000000180010f96:   00 00 1f 44 89 7b 38 44 89 6b 44 44 89 73 48 e9
0x0000000180010fa6:   56 01 00 00 83 3d 4f 94 04 00 02 0f 8c 8e fe ff
0x0000000180010fb6:   ff 4c 8d 05 a2 2c 03 00 e9 6f fe ff ff 48 3b d7
0x0000000180010fc6:   0f 84 3f 01 00 00 39 3a 0f 84 37 01 00 00 0f ba
0x0000000180010fd6:   a1 fc 00 00 00 1f 73 0a 48 8b 81 f8 61 01 00 ff
0x0000000180010fe6:   50 20 8b 43 38 0f ba b3 fc 00 00 00 1f 8b 6b 64
0x0000000180010ff6:   44 8b 63 68 89 84 24 c0 00 00 00 8b 43 6c 89 84
0x0000000180011006:   24 c8 00 00 00 4c 8b c7 39 3e 74 58 48 8b d6 48
0x0000000180011016:   8d 4e 04 81 3a 07 10 00 00 75 10 8b 01 83 8b fc
0x0000000180011026:   00 00 00 02 89 84 24 c0 00 00 00 81 3a 11 10 00
0x0000000180011036:   00 75 10 8b 6b 5c 44 8b 21 44 3b e5 44 0f 47 e5
0x0000000180011046:   41 2b ec 81 3a 03 00 02 00 75 09 8b 01 89 84 24
0x0000000180011056:   c8 00 00 00 49 83 c0 02 48 83 c1 08 4a 8d 14 86
0x0000000180011066:   39 3a 75 af 4c 8d 84 24 c0 00 00 00 48 8d 15 d7
0x0000000180011076:   2b 03 00 33 c9 e8 58 5f 00 00 b8 40 1f 00 00 4c
0x0000000180011086:   8d 84 24 c8 00 00 00 39 84 24 c0 00 00 00 48 8d
0x0000000180011096:   15 e9 2b 03 00 0f 47 84 24 c0 00 00 00 33 c9 89
0x00000001800110a6:   84 24 c0 00 00 00 e8 27 5f 00 00 8b 43 3c 44 8b
0x00000001800110b6:   84 24 c0 00 00 00 8b 4b 38 41 bb 04 00 00 00 44
0x00000001800110c6:   39 9c 24 c8 00 00 00 44 0f 42 9c 24 c8 00 00 00
0x00000001800110d6:   33 d2 44 89 9c 24 c8 00 00 00 49 0f af c0 48 f7
0x00000001800110e6:   f1 89 43 3c f6 05 43 b6 04 00 01 74 09 83 c0 03
0x00000001800110f6:   83 e0 fc 89 43 3c 44 89 43 38 44 89 5b 6c 44 89
0x0000000180011106:   63 68 89 6b 64 44 8b 9b fc 00 00 00 41 0f ba e3
0x0000000180011116:   1f 0f 82 6a 05 00 00 44 8b 6b 38 8b 6b 44 44 8b
0x0000000180011126:   63 48 41 bf 03 00 00 00 48 8d 35 5b 2b 03 00 4c
0x0000000180011136:   8d 35 80 dc 02 00 44 39 3d bd 92 04 00 0f 8c 81
0x0000000180011146:   00 00 00 4c 8d 15 88 28 03 00 4c 8d 35 f5 2a 03
0x0000000180011156:   00 41 f6 c3 02 4d 8b ca 41 8b cc 4d 0f 45 ce e8 


Stack slot to memory mapping:
stack at sp + 0 slots: 0x00000132365047b0 points into unknown readable memory: 6a 61 76 61 2e 6c 61 6e
stack at sp + 1 slots: 0x0000002800000003 is an unknown value
stack at sp + 2 slots: 0x000001323bec8800 is a thread
stack at sp + 3 slots: 0x0000002e49dfe970 is pointing into the stack for thread: 0x000001323bec8800
stack at sp + 4 slots: {method} {0x000001324442e058} 'nalcCreateContext' '(JJ)J' in 'org/lwjgl/openal/ALC10'
stack at sp + 5 slots: 0x00007ffb765c5aa9 jvm.dll
stack at sp + 6 slots: 0x0000000000000010 is an unknown value
stack at sp + 7 slots: 0x0000000000003878 is an unknown value


---------------  P R O C E S S  ---------------

Threads class SMR info:
_java_thread_list=0x000001323c470230, length=18, elements={
0x0000013236303000, 0x000001323630e800, 0x0000013236368800, 0x0000013236369800,
0x000001323636c000, 0x00000132363c7000, 0x00000132363df800, 0x00000132364d9800,
0x00000132364e6000, 0x0000013236aa6000, 0x0000013236bff000, 0x0000013236b7b800,
0x0000013236b88800, 0x000001323c139000, 0x000001323c524000, 0x000001323b9dd800,
0x000001323bec8800, 0x000001321078c800
}

Java Threads: ( => current thread )
  0x0000013236303000 JavaThread "Reference Handler" daemon [_thread_blocked, id=3936, stack(0x0000002e48d00000,0x0000002e48e00000)]
  0x000001323630e800 JavaThread "Finalizer" daemon [_thread_blocked, id=14476, stack(0x0000002e48e00000,0x0000002e48f00000)]
  0x0000013236368800 JavaThread "Signal Dispatcher" daemon [_thread_blocked, id=10816, stack(0x0000002e48f00000,0x0000002e49000000)]
  0x0000013236369800 JavaThread "Attach Listener" daemon [_thread_blocked, id=11868, stack(0x0000002e49000000,0x0000002e49100000)]
  0x000001323636c000 JavaThread "C2 CompilerThread0" daemon [_thread_blocked, id=8916, stack(0x0000002e49100000,0x0000002e49200000)]
  0x00000132363c7000 JavaThread "C1 CompilerThread0" daemon [_thread_blocked, id=6376, stack(0x0000002e49200000,0x0000002e49300000)]
  0x00000132363df800 JavaThread "Sweeper thread" daemon [_thread_blocked, id=11620, stack(0x0000002e49300000,0x0000002e49400000)]
  0x00000132364d9800 JavaThread "Service Thread" daemon [_thread_blocked, id=6196, stack(0x0000002e49400000,0x0000002e49500000)]
  0x00000132364e6000 JavaThread "Common-Cleaner" daemon [_thread_blocked, id=8640, stack(0x0000002e49600000,0x0000002e49700000)]
  0x0000013236aa6000 JavaThread "Java2D Disposer" daemon [_thread_blocked, id=7800, stack(0x0000002e49700000,0x0000002e49800000)]
  0x0000013236bff000 JavaThread "AWT-Shutdown" [_thread_blocked, id=10232, stack(0x0000002e49800000,0x0000002e49900000)]
  0x0000013236b7b800 JavaThread "AWT-Windows" daemon [_thread_in_native, id=8488, stack(0x0000002e49900000,0x0000002e49a00000)]
  0x0000013236b88800 JavaThread "AWT-EventQueue-0" [_thread_blocked, id=1136, stack(0x0000002e49a00000,0x0000002e49b00000)]
  0x000001323c139000 JavaThread "Image Fetcher 0" daemon [_thread_blocked, id=2108, stack(0x0000002e49e00000,0x0000002e49f00000)]
  0x000001323c524000 JavaThread "D3D Screen Updater" daemon [_thread_blocked, id=6640, stack(0x0000002e4a200000,0x0000002e4a300000)]
  0x000001323b9dd800 JavaThread "TimerQueue" daemon [_thread_blocked, id=16116, stack(0x0000002e4a300000,0x0000002e4a400000)]
=>0x000001323bec8800 JavaThread "jME3 Main" [_thread_in_native, id=15492, stack(0x0000002e49d00000,0x0000002e49e00000)]
  0x000001321078c800 JavaThread "DestroyJavaVM" [_thread_blocked, id=14724, stack(0x0000002e48600000,0x0000002e48700000)]

Other Threads:
  0x00000132362de000 VMThread "VM Thread" [stack: 0x0000002e48c00000,0x0000002e48d00000] [id=15876]
  0x00000132364dc000 WatcherThread [stack: 0x0000002e49500000,0x0000002e49600000] [id=10948]
  0x00000132107a5800 GCTaskThread "GC Thread#0" [stack: 0x0000002e48700000,0x0000002e48800000] [id=11204]
  0x000001323bfd1800 GCTaskThread "GC Thread#1" [stack: 0x0000002e49f00000,0x0000002e4a000000] [id=11184]
  0x000001323bab1000 GCTaskThread "GC Thread#2" [stack: 0x0000002e4a000000,0x0000002e4a100000] [id=12692]
  0x000001323c5ed800 GCTaskThread "GC Thread#3" [stack: 0x0000002e4a100000,0x0000002e4a200000] [id=8268]
  0x0000013210801000 ConcurrentGCThread "G1 Main Marker" [stack: 0x0000002e48800000,0x0000002e48900000] [id=1172]
  0x0000013210804800 ConcurrentGCThread "G1 Conc#0" [stack: 0x0000002e48900000,0x0000002e48a00000] [id=10588]
  0x0000013235943800 ConcurrentGCThread "G1 Refine#0" [stack: 0x0000002e48a00000,0x0000002e48b00000] [id=3176]
  0x0000013235944800 ConcurrentGCThread "G1 Young RemSet Sampling" [stack: 0x0000002e48b00000,0x0000002e48c00000] [id=7224]

Threads with active compile tasks:

VM state:not at safepoint (normal execution)

VM Mutex/Monitor currently owned by a thread: None

Heap address: 0x0000000700800000, size: 4088 MB, Compressed Oops mode: Zero based, Oop shift amount: 3
Narrow klass base: 0x0000000800000000, Narrow klass shift: 0
Compressed class space size: 1073741824 Address: 0x0000000800000000

Heap:
 garbage-first heap   total 20480K, used 11911K [0x0000000700800000, 0x0000000800000000)
  region size 1024K, 5 young (5120K), 1 survivors (1024K)
 Metaspace       used 23592K, capacity 24148K, committed 24576K, reserved 1071104K
  class space    used 2484K, capacity 2711K, committed 2816K, reserved 1048576K
Heap Regions: E=young(eden), S=young(survivor), O=old, HS=humongous(starts), HC=humongous(continues), CS=collection set, F=free, A=archive, TAMS=top-at-mark-start (previous, next)
|   0|0x0000000700800000, 0x0000000700900000, 0x0000000700900000|100%|HS|  |TAMS 0x0000000700800000, 0x0000000700800000| Untracked 
|   1|0x0000000700900000, 0x0000000700a00000, 0x0000000700a00000|100%|HC|  |TAMS 0x0000000700900000, 0x0000000700900000| Untracked 
|   2|0x0000000700a00000, 0x0000000700afffe8, 0x0000000700b00000| 99%| O|  |TAMS 0x0000000700a00000, 0x0000000700a00000| Untracked 
|   3|0x0000000700b00000, 0x0000000700bfffe8, 0x0000000700c00000| 99%| O|  |TAMS 0x0000000700b00000, 0x0000000700b00000| Untracked 
|   4|0x0000000700c00000, 0x0000000700cc4ea8, 0x0000000700d00000| 76%| O|  |TAMS 0x0000000700c00000, 0x0000000700c00000| Untracked 
|   5|0x0000000700d00000, 0x0000000700d8d798, 0x0000000700e00000| 55%| O|  |TAMS 0x0000000700d00000, 0x0000000700d00000| Untracked 
|   6|0x0000000700e00000, 0x0000000700f00000, 0x0000000700f00000|100%|HS|  |TAMS 0x0000000700e00000, 0x0000000700e00000| Complete 
|   7|0x0000000700f00000, 0x0000000701000000, 0x0000000701000000|100%|HC|  |TAMS 0x0000000700f00000, 0x0000000700f00000| Complete 
|   8|0x0000000701000000, 0x000000070104f800, 0x0000000701100000| 31%| O|  |TAMS 0x0000000701000000, 0x0000000701000000| Untracked 
|   9|0x0000000701100000, 0x0000000701100000, 0x0000000701200000|  0%| F|  |TAMS 0x0000000701100000, 0x0000000701100000| Untracked 
|  10|0x0000000701200000, 0x0000000701200000, 0x0000000701300000|  0%| F|  |TAMS 0x0000000701200000, 0x0000000701200000| Untracked 
|  11|0x0000000701300000, 0x0000000701300000, 0x0000000701400000|  0%| F|  |TAMS 0x0000000701300000, 0x0000000701300000| Untracked 
|  12|0x0000000701400000, 0x0000000701400000, 0x0000000701500000|  0%| F|  |TAMS 0x0000000701400000, 0x0000000701400000| Untracked 
|  13|0x0000000701500000, 0x0000000701600000, 0x0000000701600000|100%| S|CS|TAMS 0x0000000701500000, 0x0000000701500000| Complete 
|  14|0x0000000701600000, 0x0000000701600000, 0x0000000701700000|  0%| F|  |TAMS 0x0000000701600000, 0x0000000701600000| Untracked 
|  15|0x0000000701700000, 0x0000000701700000, 0x0000000701800000|  0%| F|  |TAMS 0x0000000701700000, 0x0000000701700000| Untracked 
|  16|0x0000000701800000, 0x00000007018ab010, 0x0000000701900000| 66%| E|  |TAMS 0x0000000701800000, 0x0000000701800000| Complete 
|  17|0x0000000701900000, 0x0000000701a00000, 0x0000000701a00000|100%| E|CS|TAMS 0x0000000701900000, 0x0000000701900000| Complete 
|  18|0x0000000701a00000, 0x0000000701b00000, 0x0000000701b00000|100%| E|CS|TAMS 0x0000000701a00000, 0x0000000701a00000| Complete 
|  19|0x0000000701b00000, 0x0000000701c00000, 0x0000000701c00000|100%| E|CS|TAMS 0x0000000701b00000, 0x0000000701b00000| Complete 

Card table byte_map: [0x000001322a410000,0x000001322ac10000] _byte_map_base: 0x0000013226c0c000

Marking Bits (Prev, Next): (CMBitMap*) 0x00000132107f0308, (CMBitMap*) 0x00000132107f0340
 Prev Bits: [0x000001322b410000, 0x000001322f3f0000)
 Next Bits: [0x000001322f3f0000, 0x00000132333d0000)

Polling page: 0x0000013210870000

Metaspace:

Usage:
  Non-class:     20.93 MB capacity,    20.61 MB ( 98%) used,   269.81 KB (  1%) free+waste,    59.44 KB ( <1%) overhead. 
      Class:      2.65 MB capacity,     2.43 MB ( 92%) used,   195.69 KB (  7%) free+waste,    30.56 KB (  1%) overhead. 
       Both:     23.58 MB capacity,    23.04 MB ( 98%) used,   465.50 KB (  2%) free+waste,    90.00 KB ( <1%) overhead. 

Virtual space:
  Non-class space:       22.00 MB reserved,      21.25 MB ( 97%) committed 
      Class space:        1.00 GB reserved,       2.75 MB ( <1%) committed 
             Both:        1.02 GB reserved,      24.00 MB (  2%) committed 

Chunk freelists:
   Non-Class:  131.00 KB
       Class:  9.00 KB
        Both:  140.00 KB

MaxMetaspaceSize: 17179869184.00 GB
CompressedClassSpaceSize: 1.00 GB

CodeHeap 'non-profiled nmethods': size=120064Kb used=677Kb max_used=677Kb free=119386Kb
 bounds [0x00000132220b0000, 0x0000013222320000, 0x00000132295f0000]
CodeHeap 'profiled nmethods': size=120000Kb used=3796Kb max_used=3796Kb free=116203Kb
 bounds [0x000001321ab80000, 0x000001321af40000, 0x00000132220b0000]
CodeHeap 'non-nmethods': size=5696Kb used=1320Kb max_used=1330Kb free=4375Kb
 bounds [0x000001321a5f0000, 0x000001321a860000, 0x000001321ab80000]
 total_blobs=3217 nmethods=1893 adapters=648
 compilation: enabled
              stopped_count=0, restarted_count=0
 full_count=0

Compilation events (20 events):
Event: 3.886 Thread 0x000001323636c000 1883       4       java.lang.AbstractStringBuilder::newCapacity (55 bytes)
Event: 3.886 Thread 0x00000132363c7000 1884       3       java.util.zip.ZipFile$ZipFileInputStream::<init> (96 bytes)
Event: 3.887 Thread 0x000001323636c000 nmethod 1883 0x0000013222158d10 code [0x0000013222158ea0, 0x0000013222158f78]
Event: 3.887 Thread 0x00000132363c7000 nmethod 1884 0x000001321af2fa90 code [0x000001321af2fce0, 0x000001321af307b0]
Event: 3.887 Thread 0x00000132363c7000 1885       3       java.util.zip.ZipUtils::CENOFF (9 bytes)
Event: 3.887 Thread 0x00000132363c7000 nmethod 1885 0x000001321af30c10 code [0x000001321af30de0, 0x000001321af31118]
Event: 3.887 Thread 0x00000132363c7000 1886   !   3       java.util.zip.ZipFile$CleanableResource::getInflater (47 bytes)
Event: 3.887 Thread 0x00000132363c7000 nmethod 1886 0x000001321af31290 code [0x000001321af314a0, 0x000001321af31cb0]
Event: 3.887 Thread 0x00000132363c7000 1887       3       java.util.zip.ZipFile$ZipFileInflaterInputStream::<init> (41 bytes)
Event: 3.887 Thread 0x00000132363c7000 nmethod 1887 0x000001321af31f10 code [0x000001321af32140, 0x000001321af32900]
Event: 3.887 Thread 0x00000132363c7000 1888       3       java.util.zip.ZipEntry::<init> (74 bytes)
Event: 3.888 Thread 0x00000132363c7000 nmethod 1888 0x000001321af32c10 code [0x000001321af32e20, 0x000001321af33420]
Event: 3.888 Thread 0x00000132363c7000 1889       3       java.util.zip.ZipFile$InflaterCleanupAction::run (12 bytes)
Event: 3.888 Thread 0x00000132363c7000 nmethod 1889 0x000001321af33610 code [0x000001321af337c0, 0x000001321af339f0]
Event: 3.888 Thread 0x00000132363c7000 1890   !   3       java.util.zip.ZipFile$CleanableResource::releaseInflater (53 bytes)
Event: 3.888 Thread 0x00000132363c7000 nmethod 1890 0x000001321af33a90 code [0x000001321af33c80, 0x000001321af341f0]
Event: 3.888 Thread 0x00000132363c7000 1891   !   3       java.util.zip.Inflater::reset (64 bytes)
Event: 3.888 Thread 0x00000132363c7000 nmethod 1891 0x000001321af34410 code [0x000001321af34600, 0x000001321af34ac0]
Event: 3.899 Thread 0x00000132363c7000 1893       3       java.util.concurrent.ConcurrentHashMap::containsKey (14 bytes)
Event: 3.899 Thread 0x00000132363c7000 nmethod 1893 0x000001321af34c90 code [0x000001321af34e60, 0x000001321af35070]

GC Heap History (8 events):
Event: 0.892 GC heap before
{Heap before GC invocations=0 (full 0):
 garbage-first heap   total 262144K, used 16384K [0x0000000700800000, 0x0000000800000000)
  region size 1024K, 14 young (14336K), 0 survivors (0K)
 Metaspace       used 17159K, capacity 17623K, committed 17920K, reserved 1064960K
  class space    used 1946K, capacity 2191K, committed 2304K, reserved 1048576K
}
Event: 0.897 GC heap after
{Heap after GC invocations=1 (full 0):
 garbage-first heap   total 262144K, used 4919K [0x0000000700800000, 0x0000000800000000)
  region size 1024K, 2 young (2048K), 2 survivors (2048K)
 Metaspace       used 17159K, capacity 17623K, committed 17920K, reserved 1064960K
  class space    used 1946K, capacity 2191K, committed 2304K, reserved 1048576K
}
Event: 2.593 GC heap before
{Heap before GC invocations=1 (full 0):
 garbage-first heap   total 262144K, used 9015K [0x0000000700800000, 0x0000000800000000)
  region size 1024K, 7 young (7168K), 2 survivors (2048K)
 Metaspace       used 19371K, capacity 19840K, committed 20096K, reserved 1067008K
  class space    used 2160K, capacity 2395K, committed 2432K, reserved 1048576K
}
Event: 2.606 GC heap after
{Heap after GC invocations=2 (full 1):
 garbage-first heap   total 20480K, used 5449K [0x0000000700800000, 0x0000000800000000)
  region size 1024K, 0 young (0K), 0 survivors (0K)
 Metaspace       used 19371K, capacity 19840K, committed 20096K, reserved 1067008K
  class space    used 2160K, capacity 2395K, committed 2432K, reserved 1048576K
}
Event: 2.606 GC heap before
{Heap before GC invocations=2 (full 1):
 garbage-first heap   total 20480K, used 5449K [0x0000000700800000, 0x0000000800000000)
  region size 1024K, 0 young (0K), 0 survivors (0K)
 Metaspace       used 19371K, capacity 19840K, committed 20096K, reserved 1067008K
  class space    used 2160K, capacity 2395K, committed 2432K, reserved 1048576K
}
Event: 2.615 GC heap after
{Heap after GC invocations=3 (full 2):
 garbage-first heap   total 20480K, used 5449K [0x0000000700800000, 0x0000000800000000)
  region size 1024K, 0 young (0K), 0 survivors (0K)
 Metaspace       used 19371K, capacity 19840K, committed 20096K, reserved 1067008K
  class space    used 2160K, capacity 2395K, committed 2432K, reserved 1048576K
}
Event: 3.789 GC heap before
{Heap before GC invocations=3 (full 2):
 garbage-first heap   total 20480K, used 12617K [0x0000000700800000, 0x0000000800000000)
  region size 1024K, 6 young (6144K), 0 survivors (0K)
 Metaspace       used 22183K, capacity 22721K, committed 23168K, reserved 1069056K
  class space    used 2353K, capacity 2576K, committed 2688K, reserved 1048576K
}
Event: 3.790 GC heap after
{Heap after GC invocations=4 (full 2):
 garbage-first heap   total 20480K, used 8839K [0x0000000700800000, 0x0000000800000000)
  region size 1024K, 1 young (1024K), 1 survivors (1024K)
 Metaspace       used 22183K, capacity 22721K, committed 23168K, reserved 1069056K
  class space    used 2353K, capacity 2576K, committed 2688K, reserved 1048576K
}

Deoptimization events (20 events):
Event: 2.734 Thread 0x000001323bec8800 DEOPT PACKING pc=0x0000013222117390 sp=0x0000002e49dfeb20
Event: 2.734 Thread 0x000001323bec8800 DEOPT UNPACKING pc=0x000001321a6191af sp=0x0000002e49dfeab0 mode 2
Event: 2.734 Thread 0x000001323bec8800 Uncommon trap: trap_request=0xffffffc6 fr.pc=0x0000013222117390 relative=0x0000000000000bd0
Event: 2.734 Thread 0x000001323bec8800 Uncommon trap: reason=bimorphic_or_optimized_type_check action=maybe_recompile pc=0x0000013222117390 method=java.util.HashMap.putVal(ILjava/lang/Object;Ljava/lang/Object;ZZ)Ljava/lang/Object; @ 91 c2
Event: 2.734 Thread 0x000001323bec8800 DEOPT PACKING pc=0x0000013222117390 sp=0x0000002e49dfeb20
Event: 2.734 Thread 0x000001323bec8800 DEOPT UNPACKING pc=0x000001321a6191af sp=0x0000002e49dfeab0 mode 2
Event: 2.734 Thread 0x000001323bec8800 Uncommon trap: trap_request=0xffffffc6 fr.pc=0x0000013222117390 relative=0x0000000000000bd0
Event: 2.734 Thread 0x000001323bec8800 Uncommon trap: reason=bimorphic_or_optimized_type_check action=maybe_recompile pc=0x0000013222117390 method=java.util.HashMap.putVal(ILjava/lang/Object;Ljava/lang/Object;ZZ)Ljava/lang/Object; @ 91 c2
Event: 2.734 Thread 0x000001323bec8800 DEOPT PACKING pc=0x0000013222117390 sp=0x0000002e49dfeb20
Event: 2.734 Thread 0x000001323bec8800 DEOPT UNPACKING pc=0x000001321a6191af sp=0x0000002e49dfeab0 mode 2
Event: 3.332 Thread 0x000001323bec8800 DEOPT PACKING pc=0x000001321abb1870 sp=0x0000002e49dfdb50
Event: 3.332 Thread 0x000001323bec8800 DEOPT UNPACKING pc=0x000001321a618fce sp=0x0000002e49dfcfd8 mode 0
Event: 3.831 Thread 0x000001323bec8800 Uncommon trap: trap_request=0xffffff4d fr.pc=0x00000132220f0374 relative=0x00000000000000d4
Event: 3.831 Thread 0x000001323bec8800 Uncommon trap: reason=unstable_if action=reinterpret pc=0x00000132220f0374 method=java.lang.String.getBytes([BIB)V @ 5 c2
Event: 3.831 Thread 0x000001323bec8800 DEOPT PACKING pc=0x00000132220f0374 sp=0x0000002e49dfe7b0
Event: 3.831 Thread 0x000001323bec8800 DEOPT UNPACKING pc=0x000001321a6191af sp=0x0000002e49dfe758 mode 2
Event: 3.831 Thread 0x000001323bec8800 Uncommon trap: trap_request=0xffffff4d fr.pc=0x0000013222120758 relative=0x0000000000000398
Event: 3.831 Thread 0x000001323bec8800 Uncommon trap: reason=unstable_if action=reinterpret pc=0x0000013222120758 method=java.lang.AbstractStringBuilder.isLatin1()Z @ 10 c2
Event: 3.831 Thread 0x000001323bec8800 DEOPT PACKING pc=0x0000013222120758 sp=0x0000002e49dfe880
Event: 3.831 Thread 0x000001323bec8800 DEOPT UNPACKING pc=0x000001321a6191af sp=0x0000002e49dfe800 mode 2

Classes redefined (0 events):
No events

Internal exceptions (20 events):
Event: 0.603 Thread 0x0000013236b88800 Exception <a 'java/lang/ClassNotFoundException'{0x000000070ff696e0}: com/sun/swing/internal/plaf/basic/resources/spi/basicProvider> (0x000000070ff696e0) thrown at [c:/cygwin64/tmp/openjdk-jdk11u-windows-x64-hotspot/workspace/build/src/src/hotspot/share/cl
Event: 0.656 Thread 0x0000013236b88800 Exception <a 'java/lang/NoSuchMethodError'{0x000000070fe0bcc8}: 'void java.lang.invoke.DirectMethodHandle$Holder.invokeStaticInit(java.lang.Object)'> (0x000000070fe0bcc8) thrown at [c:/cygwin64/tmp/openjdk-jdk11u-windows-x64-hotspot/workspace/build/src/sr
Event: 0.662 Thread 0x0000013236b88800 Exception <a 'java/lang/NoSuchMethodError'{0x000000070fe5bfc8}: 'java.lang.Object java.lang.invoke.DirectMethodHandle$Holder.invokeStatic(java.lang.Object, java.lang.Object, java.lang.Object, java.lang.Object, java.lang.Object, java.lang.Object, java.lang
Event: 0.665 Thread 0x0000013236b88800 Exception <a 'java/lang/NoSuchMethodError'{0x000000070fe79ec8}: 'java.lang.Object java.lang.invoke.DirectMethodHandle$Holder.invokeStatic(java.lang.Object, java.lang.Object, java.lang.Object, java.lang.Object, java.lang.Object, java.lang.Object, java.lang
Event: 0.667 Thread 0x0000013236b88800 Exception <a 'java/lang/NoSuchMethodError'{0x000000070fe98ea0}: 'java.lang.Object java.lang.invoke.DirectMethodHandle$Holder.invokeStatic(java.lang.Object, java.lang.Object, java.lang.Object, java.lang.Object, java.lang.Object, java.lang.Object, java.lang
Event: 0.669 Thread 0x0000013236b88800 Exception <a 'java/lang/NoSuchMethodError'{0x000000070feb92f8}: 'java.lang.Object java.lang.invoke.DirectMethodHandle$Holder.invokeStatic(java.lang.Object, java.lang.Object, java.lang.Object, java.lang.Object, java.lang.Object, java.lang.Object, java.lang
Event: 0.677 Thread 0x0000013236b88800 Exception <a 'java/lang/NoSuchMethodError'{0x000000070fd340f0}: 'java.lang.Object java.lang.invoke.DirectMethodHandle$Holder.invokeStatic(java.lang.Object, java.lang.Object, java.lang.Object, java.lang.Object, java.lang.Object, java.lang.Object, java.lang
Event: 0.678 Thread 0x0000013236b88800 Exception <a 'java/lang/NoSuchMethodError'{0x000000070fd40840}: 'java.lang.Object java.lang.invoke.DirectMethodHandle$Holder.invokeStatic(java.lang.Object, java.lang.Object, java.lang.Object, java.lang.Object, java.lang.Object, java.lang.Object, java.lang
Event: 0.684 Thread 0x0000013236b88800 Exception <a 'java/lang/ClassNotFoundException'{0x000000070fd93e30}: com/sun/java/swing/plaf/windows/resources/spi/windowsProvider> (0x000000070fd93e30) thrown at [c:/cygwin64/tmp/openjdk-jdk11u-windows-x64-hotspot/workspace/build/src/src/hotspot/share/cl
Event: 0.899 Thread 0x0000013236b88800 Exception <a 'java/lang/NoSuchMethodError'{0x000000071071b758}: 'java.lang.Object java.lang.invoke.Invokers$Holder.linkToTargetMethod(java.lang.Object, int, java.lang.Object)'> (0x000000071071b758) thrown at [c:/cygwin64/tmp/openjdk-jdk11u-windows-x64-hot
Event: 2.617 Thread 0x000001321078c800 Exception <a 'java/lang/ClassNotFoundException'{0x0000000701b4a7d0}: sun/util/logging/resources/spi/loggingProvider> (0x0000000701b4a7d0) thrown at [c:/cygwin64/tmp/openjdk-jdk11u-windows-x64-hotspot/workspace/build/src/src/hotspot/share/classfile/systemD
Event: 2.655 Thread 0x000001321078c800 Implicit null exception at 0x000001322211f8f7 to 0x000001322211fe26
Event: 2.655 Thread 0x000001321078c800 Implicit null exception at 0x00000132220f12f4 to 0x00000132220f184a
Event: 3.830 Thread 0x000001323bec8800 Exception <a 'java/lang/NoSuchMethodError'{0x0000000701bf88c0}: 'int java.lang.invoke.DirectMethodHandle$Holder.invokeSpecialIFC(java.lang.Object, java.lang.Object, int)'> (0x0000000701bf88c0) thrown at [c:/cygwin64/tmp/openjdk-jdk11u-windows-x64-hotspot/
Event: 3.901 Thread 0x000001323bec8800 Exception <a 'java/security/PrivilegedActionException'{0x000000070187cf08}> (0x000000070187cf08) thrown at [c:/cygwin64/tmp/openjdk-jdk11u-windows-x64-hotspot/workspace/build/src/src/hotspot/share/prims/jvm.cpp, line 1297]
Event: 3.901 Thread 0x000001323bec8800 Exception <a 'java/security/PrivilegedActionException'{0x000000070187f6b8}> (0x000000070187f6b8) thrown at [c:/cygwin64/tmp/openjdk-jdk11u-windows-x64-hotspot/workspace/build/src/src/hotspot/share/prims/jvm.cpp, line 1297]
Event: 3.901 Thread 0x000001323bec8800 Exception <a 'java/security/PrivilegedActionException'{0x0000000701880670}> (0x0000000701880670) thrown at [c:/cygwin64/tmp/openjdk-jdk11u-windows-x64-hotspot/workspace/build/src/src/hotspot/share/prims/jvm.cpp, line 1297]
Event: 3.901 Thread 0x000001323bec8800 Exception <a 'java/security/PrivilegedActionException'{0x0000000701885f18}> (0x0000000701885f18) thrown at [c:/cygwin64/tmp/openjdk-jdk11u-windows-x64-hotspot/workspace/build/src/src/hotspot/share/prims/jvm.cpp, line 1297]
Event: 3.901 Thread 0x000001323bec8800 Exception <a 'java/security/PrivilegedActionException'{0x0000000701886ad8}> (0x0000000701886ad8) thrown at [c:/cygwin64/tmp/openjdk-jdk11u-windows-x64-hotspot/workspace/build/src/src/hotspot/share/prims/jvm.cpp, line 1297]
Event: 3.901 Thread 0x000001323bec8800 Exception <a 'java/security/PrivilegedActionException'{0x0000000701887658}> (0x0000000701887658) thrown at [c:/cygwin64/tmp/openjdk-jdk11u-windows-x64-hotspot/workspace/build/src/src/hotspot/share/prims/jvm.cpp, line 1297]

Events (20 events):
Event: 3.899 loading class com/jme3/audio/Filter
Event: 3.899 loading class com/jme3/audio/Filter done
Event: 3.900 loading class org/lwjgl/openal/AL
Event: 3.900 loading class org/lwjgl/openal/AL done
Event: 3.900 loading class org/lwjgl/LWJGLUtil$3
Event: 3.900 loading class org/lwjgl/LWJGLUtil$3 done
Event: 3.901 loading class java/lang/ClassFormatError
Event: 3.901 loading class java/lang/ClassFormatError done
Event: 3.902 loading class org/lwjgl/openal/AL10
Event: 3.902 loading class org/lwjgl/openal/AL10 done
Event: 3.903 loading class org/lwjgl/openal/ALC10
Event: 3.903 loading class org/lwjgl/openal/ALC10 done
Event: 3.912 loading class org/lwjgl/openal/ALCdevice
Event: 3.912 loading class org/lwjgl/openal/ALCdevice done
Event: 3.913 loading class org/lwjgl/openal/ALCcontext
Event: 3.913 loading class org/lwjgl/openal/ALCcontext done
Event: 3.913 loading class org/lwjgl/openal/Util
Event: 3.913 loading class org/lwjgl/openal/Util done
Event: 3.913 loading class org/lwjgl/openal/OpenALException
Event: 3.913 loading class org/lwjgl/openal/OpenALException done


Dynamic libraries:
0x00007ff7e6120000 - 0x00007ff7e612d000 	C:\Program Files\jmonkeyplatform\jdk\bin\java.exe
0x00007ffbd7ef0000 - 0x00007ffbd80e5000 	C:\WINDOWS\SYSTEM32\ntdll.dll
0x00007ffbd77e0000 - 0x00007ffbd789e000 	C:\WINDOWS\System32\KERNEL32.DLL
0x00007ffbd5790000 - 0x00007ffbd5a58000 	C:\WINDOWS\System32\KERNELBASE.dll
0x00007ffbd5e50000 - 0x00007ffbd5f50000 	C:\WINDOWS\System32\ucrtbase.dll
0x00007ffb9e940000 - 0x00007ffb9e957000 	C:\Program Files\jmonkeyplatform\jdk\bin\jli.dll
0x00007ffb9d1a0000 - 0x00007ffb9d1b6000 	C:\Program Files\jmonkeyplatform\jdk\bin\VCRUNTIME140.dll
0x00007ffbd63d0000 - 0x00007ffbd6570000 	C:\WINDOWS\System32\USER32.dll
0x00007ffbd5be0000 - 0x00007ffbd5c02000 	C:\WINDOWS\System32\win32u.dll
0x00007ffbc56a0000 - 0x00007ffbc593a000 	C:\WINDOWS\WinSxS\amd64_microsoft.windows.common-controls_6595b64144ccf1df_6.0.19041.1110_none_60b5254171f9507e\COMCTL32.dll
0x00007ffbd68d0000 - 0x00007ffbd68fa000 	C:\WINDOWS\System32\GDI32.dll
0x00007ffbd5610000 - 0x00007ffbd571b000 	C:\WINDOWS\System32\gdi32full.dll
0x00007ffbd6710000 - 0x00007ffbd67ae000 	C:\WINDOWS\System32\msvcrt.dll
0x00007ffbd5b40000 - 0x00007ffbd5bdd000 	C:\WINDOWS\System32\msvcp_win.dll
0x00007ffbd6aa0000 - 0x00007ffbd6ad0000 	C:\WINDOWS\System32\IMM32.DLL
0x00007ffb8ffc0000 - 0x00007ffb9005b000 	C:\Program Files\jmonkeyplatform\jdk\bin\msvcp140.dll
0x00007ffb76450000 - 0x00007ffb76f0c000 	C:\Program Files\jmonkeyplatform\jdk\bin\server\jvm.dll
0x00007ffbd6650000 - 0x00007ffbd66fe000 	C:\WINDOWS\System32\ADVAPI32.dll
0x00007ffbd6120000 - 0x00007ffbd61bc000 	C:\WINDOWS\System32\sechost.dll
0x00007ffbd62a0000 - 0x00007ffbd63c5000 	C:\WINDOWS\System32\RPCRT4.dll
0x00007ffbd68c0000 - 0x00007ffbd68c8000 	C:\WINDOWS\System32\PSAPI.DLL
0x00007ffbd12a0000 - 0x00007ffbd12a9000 	C:\WINDOWS\SYSTEM32\WSOCK32.dll
0x00007ffbd6900000 - 0x00007ffbd696b000 	C:\WINDOWS\System32\WS2_32.dll
0x00007ffbcf8e0000 - 0x00007ffbcf8ea000 	C:\WINDOWS\SYSTEM32\VERSION.dll
0x00007ffbce280000 - 0x00007ffbce2a7000 	C:\WINDOWS\SYSTEM32\WINMM.dll
0x00007ffbd3550000 - 0x00007ffbd3562000 	C:\WINDOWS\SYSTEM32\kernel.appcore.dll
0x00007ffbd0fc0000 - 0x00007ffbd0fd0000 	C:\Program Files\jmonkeyplatform\jdk\bin\verify.dll
0x00007ffbc8f50000 - 0x00007ffbc9134000 	C:\WINDOWS\SYSTEM32\DBGHELP.DLL
0x00007ffbbf210000 - 0x00007ffbbf23c000 	C:\WINDOWS\SYSTEM32\dbgcore.DLL
0x00007ffbd5dc0000 - 0x00007ffbd5e42000 	C:\WINDOWS\System32\bcryptPrimitives.dll
0x00007ffba1a20000 - 0x00007ffba1a48000 	C:\Program Files\jmonkeyplatform\jdk\bin\java.dll
0x00007ffbcd210000 - 0x00007ffbcd227000 	C:\Program Files\jmonkeyplatform\jdk\bin\zip.dll
0x00007ffbd0e30000 - 0x00007ffbd0e3a000 	C:\Program Files\jmonkeyplatform\jdk\bin\jimage.dll
0x00007ffbd7090000 - 0x00007ffbd77d4000 	C:\WINDOWS\System32\SHELL32.dll
0x00007ffbd3750000 - 0x00007ffbd3ee4000 	C:\WINDOWS\SYSTEM32\windows.storage.dll
0x00007ffbd6ad0000 - 0x00007ffbd6e24000 	C:\WINDOWS\System32\combase.dll
0x00007ffbd4fb0000 - 0x00007ffbd4fdc000 	C:\WINDOWS\SYSTEM32\Wldp.dll
0x00007ffbd6e30000 - 0x00007ffbd6edd000 	C:\WINDOWS\System32\SHCORE.dll
0x00007ffbd7e50000 - 0x00007ffbd7ea5000 	C:\WINDOWS\System32\shlwapi.dll
0x00007ffbd5550000 - 0x00007ffbd556f000 	C:\WINDOWS\SYSTEM32\profapi.dll
0x00007ffbca2b0000 - 0x00007ffbca2c9000 	C:\Program Files\jmonkeyplatform\jdk\bin\net.dll
0x00007ffbcb530000 - 0x00007ffbcb63a000 	C:\WINDOWS\SYSTEM32\WINHTTP.dll
0x00007ffbd4d10000 - 0x00007ffbd4d7a000 	C:\WINDOWS\system32\mswsock.dll
0x00007ffbc0940000 - 0x00007ffbc0952000 	C:\Program Files\jmonkeyplatform\jdk\bin\nio.dll
0x00007ffb7ca10000 - 0x00007ffb7cba9000 	C:\Program Files\jmonkeyplatform\jdk\bin\awt.dll
0x00007ffbd5f50000 - 0x00007ffbd601d000 	C:\WINDOWS\System32\OLEAUT32.dll
0x00007ffbd2f80000 - 0x00007ffbd3010000 	C:\WINDOWS\SYSTEM32\apphelp.dll
0x00007ffbd3070000 - 0x00007ffbd310e000 	C:\WINDOWS\system32\uxtheme.dll
0x00007ffbd7d30000 - 0x00007ffbd7e45000 	C:\WINDOWS\System32\MSCTF.dll
0x00007ffbd6970000 - 0x00007ffbd6a9a000 	C:\WINDOWS\System32\ole32.dll
0x00007ffbd3340000 - 0x00007ffbd336f000 	C:\WINDOWS\system32\DWMAPI.DLL
0x00007ffb7b1e0000 - 0x00007ffb7b306000 	C:\WINDOWS\system32\opengl32.dll
0x00007ffb9e280000 - 0x00007ffb9e2ac000 	C:\WINDOWS\SYSTEM32\GLU32.dll
0x00007ffbca4e0000 - 0x00007ffbca6af000 	C:\WINDOWS\system32\d3d9.dll
0x00007ffbc4bd0000 - 0x00007ffbc4cd6000 	C:\WINDOWS\System32\DriverStore\FileRepository\nvmdi.inf_amd64_171a8092a51ff342\nvldumdx.dll
0x00007ffbd5130000 - 0x00007ffbd5142000 	C:\WINDOWS\SYSTEM32\msasn1.dll
0x00007ffbcf8a0000 - 0x00007ffbcf8d1000 	C:\WINDOWS\SYSTEM32\cryptnet.dll
0x00007ffbd5c10000 - 0x00007ffbd5d66000 	C:\WINDOWS\System32\CRYPT32.dll
0x00007ffbcda10000 - 0x00007ffbcdb58000 	C:\WINDOWS\SYSTEM32\drvstore.dll
0x00007ffbd5150000 - 0x00007ffbd517c000 	C:\WINDOWS\SYSTEM32\devobj.dll
0x00007ffbd5d70000 - 0x00007ffbd5dbe000 	C:\WINDOWS\System32\cfgmgr32.dll
0x00007ffbd4f20000 - 0x00007ffbd4f2c000 	C:\WINDOWS\SYSTEM32\cryptbase.dll
0x00007ffbd5720000 - 0x00007ffbd5788000 	C:\WINDOWS\System32\WINTRUST.DLL
0x00007ffbd7d10000 - 0x00007ffbd7d2d000 	C:\WINDOWS\System32\imagehlp.dll
0x00007ffbd4f00000 - 0x00007ffbd4f18000 	C:\WINDOWS\SYSTEM32\CRYPTSP.dll
0x00007ffbd4690000 - 0x00007ffbd46c4000 	C:\WINDOWS\system32\rsaenh.dll
0x00007ffbd5a60000 - 0x00007ffbd5a87000 	C:\WINDOWS\System32\bcrypt.dll
0x00007ffb70ce0000 - 0x00007ffb72475000 	C:\WINDOWS\System32\DriverStore\FileRepository\nvmdi.inf_amd64_171a8092a51ff342\nvd3dumx.dll
0x00007ffb776b0000 - 0x00007ffb77975000 	C:\WINDOWS\system32\nvspcap64.dll
0x00007ffbd4320000 - 0x00007ffbd4353000 	C:\WINDOWS\SYSTEM32\ntmarta.dll
0x00007ffbd3f00000 - 0x00007ffbd3f23000 	C:\WINDOWS\SYSTEM32\gpapi.dll
0x00007ffbc7400000 - 0x00007ffbc743b000 	C:\WINDOWS\SYSTEM32\dxcore.dll
0x00007ffbc98a0000 - 0x00007ffbc98a9000 	C:\Program Files\jmonkeyplatform\jdk\bin\prefs.dll
0x00007ffb9a2a0000 - 0x00007ffb9a322000 	C:\Program Files\jmonkeyplatform\jdk\bin\freetype.dll
0x00007ffb7c270000 - 0x00007ffb7c316000 	C:\Program Files\jmonkeyplatform\jdk\bin\fontmanager.dll
0x00007ffbc7640000 - 0x00007ffbc7739000 	C:\WINDOWS\SYSTEM32\textinputframework.dll
0x00007ffbd2e50000 - 0x00007ffbd2f42000 	C:\WINDOWS\System32\CoreMessaging.dll
0x00007ffbd28c0000 - 0x00007ffbd2c1e000 	C:\WINDOWS\System32\CoreUIComponents.dll
0x00007ffbd2140000 - 0x00007ffbd2294000 	C:\WINDOWS\SYSTEM32\wintypes.dll
0x00007ffb75f90000 - 0x00007ffb761ed000 	C:\Users\AgusGonza\Desktop\ProyectoRace3D\bulletjme.dll
0x0000000180000000 - 0x0000000180064000 	C:\Users\AgusGonza\Desktop\ProyectoRace3D\OpenAL64.dll
0x00000132432d0000 - 0x0000013243323000 	C:\Users\AgusGonza\Desktop\ProyectoRace3D\lwjgl64.dll
0x00007ffbc89b0000 - 0x00007ffbc8a5e000 	C:\WINDOWS\SYSTEM32\mscms.dll
0x00007ffbd54d0000 - 0x00007ffbd54fe000 	C:\WINDOWS\SYSTEM32\USERENV.dll
0x00007ffbc8490000 - 0x00007ffbc84a1000 	C:\WINDOWS\SYSTEM32\ColorAdapterClient.dll
0x00007ffbd6810000 - 0x00007ffbd68b9000 	C:\WINDOWS\System32\clbcatq.dll
0x00007ffb97ad0000 - 0x00007ffb97b13000 	C:\Windows\System32\Windows.Internal.Graphics.Display.DisplayColorManagement.dll
0x00007ffbcee90000 - 0x00007ffbcef87000 	C:\Windows\System32\AppXDeploymentClient.dll
0x00007ffb6dd20000 - 0x00007ffb70cdf000 	C:\WINDOWS\System32\DriverStore\FileRepository\nvmdi.inf_amd64_171a8092a51ff342\nvoglv64.dll
0x00007ffbd78a0000 - 0x00007ffbd7d0a000 	C:\WINDOWS\System32\SETUPAPI.dll
0x00007ffbd0f00000 - 0x00007ffbd0f14000 	C:\WINDOWS\SYSTEM32\WTSAPI32.dll
0x00007ffb97980000 - 0x00007ffb979c3000 	C:\WINDOWS\SYSTEM32\icm32.dll
0x00007ffbd53d0000 - 0x00007ffbd541b000 	C:\WINDOWS\SYSTEM32\powrprof.dll
0x00007ffbd53b0000 - 0x00007ffbd53c2000 	C:\WINDOWS\SYSTEM32\UMPDC.dll
0x00007ffbd5180000 - 0x00007ffbd51da000 	C:\WINDOWS\SYSTEM32\WINSTA.dll
0x00007ffbd0900000 - 0x00007ffbd0985000 	C:\WINDOWS\System32\MMDevApi.dll
0x00007ffb83c60000 - 0x00007ffb83cfc000 	C:\WINDOWS\SYSTEM32\dsound.dll
0x00007ffbd1270000 - 0x00007ffbd1296000 	C:\WINDOWS\SYSTEM32\winmmbase.dll
0x00007ffbd0990000 - 0x00007ffbd0b12000 	C:\WINDOWS\SYSTEM32\AUDIOSES.DLL

dbghelp: loaded successfully - version: 4.0.5 - missing functions: none
symbol engine: initialized successfully - sym options: 0x614 - pdb path: .;C:\Program Files\jmonkeyplatform\jdk\bin;C:\WINDOWS\SYSTEM32;C:\WINDOWS\WinSxS\amd64_microsoft.windows.common-controls_6595b64144ccf1df_6.0.19041.1110_none_60b5254171f9507e;C:\Program Files\jmonkeyplatform\jdk\bin\server;C:\WINDOWS\System32\DriverStore\FileRepository\nvmdi.inf_amd64_171a8092a51ff342;C:\Users\AgusGonza\Desktop\ProyectoRace3D

VM Arguments:
jvm_args: -Dfile.encoding=UTF-8 
java_command: main.Main
java_class_path (initial): C:\Program Files\jmonkeyplatform\jmonkeyplatform\libs\jme3-jogg-3.3.0-stable.jar;C:\Program Files\jmonkeyplatform\jmonkeyplatform\libs\j-ogg-all-1.0.0.jar;C:\Program Files\jmonkeyplatform\jmonkeyplatform\libs\jme3-networking-3.3.0-stable.jar;C:\Program Files\jmonkeyplatform\jmonkeyplatform\libs\jme3-plugins-3.3.0-stable.jar;C:\Program Files\jmonkeyplatform\jmonkeyplatform\libs\gson-2.8.1.jar;C:\Program Files\jmonkeyplatform\jmonkeyplatform\libs\jme3-core-3.3.0-stable.jar;C:\Program Files\jmonkeyplatform\jmonkeyplatform\libs\jme3-desktop-3.3.0-stable.jar;C:\Program Files\jmonkeyplatform\jmonkeyplatform\libs\jme3-lwjgl-3.3.0-stable.jar;C:\Program Files\jmonkeyplatform\jmonkeyplatform\libs\lwjgl-2.9.3.jar;C:\Program Files\jmonkeyplatform\jmonkeyplatform\libs\jinput-2.0.5.jar;C:\Program Files\jmonkeyplatform\jmonkeyplatform\libs\jinput-platform-2.0.5-natives-linux.jar;C:\Program Files\jmonkeyplatform\jmonkeyplatform\libs\jinput-platform-2.0.5-natives-windows.jar;C:\Program Files\jmonkeyplatform\jmonkeyplatform\libs\jinput-platform-2.0.5-natives-osx.jar;C:\Program Files\jmonkeyplatform\jmonkeyplatform\libs\jutils-1.0.0.jar;C:\Program Files\jmonkeyplatform\jmonkeyplatform\libs\lwjgl-platform-2.9.3-natives-windows.jar;C:\Program Files\jmonkeyplatform\jmonkeyplatform\libs\lwjgl-platform-2.9.3-natives-linux.jar;C:\Program Files\jmonkeyplatform\jmonkeyplatform\libs\lwjgl-platform-2.9.3-natives-osx.jar;C:\Program Files\jmonkeyplatform\jmonkeyplatform\libs\jme3-effects-3.3.0-stable.jar;C:\Program Files\jmonkeyplatform\jmonkeyplatform\libs\jme3-terrain-3.3.0-stable.jar;C:\Program Files\jmonkeyplatform\jmonkeyplatform\libs\jme3-bullet-3.3.0-stable.jar;C:\Program Files\jmonkeyplatform\jmonkeyplatform\libs\jme3-bullet-native-3.3.0-stable.jar;C:\Users\AgusGonza\Desktop\ProyectoRace3D\libs\jME3-ai.jar;C:\Users\AgusGonza\AppData\Roaming\jmonkeyplatform\dev\modules\ext\AbsoluteLayout.jar;C:\Users\AgusGonza\Desktop\ProyectoRace3D\build\classes;C:\Users\AgusG
Launcher Type: SUN_STANDARD

[Global flags]
     intx CICompilerCount                          = 3                                         {product} {ergonomic}
     uint ConcGCThreads                            = 1                                         {product} {ergonomic}
     uint G1ConcRefinementThreads                  = 4                                         {product} {ergonomic}
   size_t G1HeapRegionSize                         = 1048576                                   {product} {ergonomic}
    uintx GCDrainStackTargetSize                   = 64                                        {product} {ergonomic}
   size_t InitialHeapSize                          = 268435456                                 {product} {ergonomic}
   size_t MarkStackSize                            = 4194304                                   {product} {ergonomic}
   size_t MaxHeapSize                              = 4286578688                                {product} {ergonomic}
   size_t MaxNewSize                               = 2571108352                                {product} {ergonomic}
   size_t MinHeapDeltaBytes                        = 1048576                                   {product} {ergonomic}
    uintx NonNMethodCodeHeapSize                   = 5830732                                {pd product} {ergonomic}
    uintx NonProfiledCodeHeapSize                  = 122913754                              {pd product} {ergonomic}
    uintx ProfiledCodeHeapSize                     = 122913754                              {pd product} {ergonomic}
    uintx ReservedCodeCacheSize                    = 251658240                              {pd product} {ergonomic}
     bool SegmentedCodeCache                       = true                                      {product} {ergonomic}
     bool UseCompressedClassPointers               = true                                 {lp64_product} {ergonomic}
     bool UseCompressedOops                        = true                                 {lp64_product} {ergonomic}
     bool UseG1GC                                  = true                                      {product} {ergonomic}
     bool UseLargePagesIndividualAllocation        = false                                  {pd product} {ergonomic}

Logging:
Log output configuration:
 #0: stdout all=warning uptime,level,tags
 #1: stderr all=off uptime,level,tags

Environment Variables:
JAVA_HOME=C:\Program Files\Java\jdk-18.0.1.1
CLASSPATH=C:\Program Files\Java\jdk-18.0.1.1\lib\*.jar
PATH=C:\Program Files\Common Files\Oracle\Java\javapath;C:\Program Files\Microsoft MPI\Bin\;C:\Python310\Scripts\;C:\Python310\;C:\Program Files (x86)\Common Files\Oracle\Java\javapath;C:\WINDOWS\system32;C:\WINDOWS;C:\WINDOWS\System32\Wbem;C:\WINDOWS\System32\WindowsPowerShell\v1.0\;C:\WINDOWS\System32\OpenSSH\;C:\Program Files (x86)\Calibre2\;C:\Program Files (x86)\NVIDIA Corporation\PhysX\Common;C:\Program Files\NVIDIA Corporation\NVIDIA NvDLISR;C:\Program Files\dotnet\;C:\WINDOWS\system32;C:\WINDOWS;C:\WINDOWS\System32\Wbem;C:\WINDOWS\System32\WindowsPowerShell\v1.0\;C:\WINDOWS\System32\OpenSSH\;C:\ProgramData\chocolatey\bin;C:\Program Files\nodejs\;C:\Program Files\Microsoft SQL Server\150\Tools\Binn\;C:\Program Files\Microsoft SQL Server\Client SDK\ODBC\170\Tools\Binn\;C:\Program Files (x86)\Microsoft SQL Server\150\Tools\Binn\;C:\Program Files\Microsoft SQL Server\150\DTS\Binn\;C:\Program Files (x86)\Microsoft SQL Server\150\DTS\Binn\;C:\Program Files\Azure Data Studio\bin;C:\Program Files\Microsoft SQL Server\130\Tools\Binn\;C:\xampp\php;C:\ProgramData\ComposerSetup\bin;C:\Program Files\Git\cmd;C:\Program Files\Java\jdk-18.0.1.1\bin;C:\Program Files (x86)\GitExtensions\;C:\Program Files\SourceGear\Common\DiffMerge\;C:\Program Files\MySQL\MySQL Shell 8.0\bin\;C:\Users\AgusGonza\AppData\Local\Microsoft\WindowsApps;C:\Users\AgusGonza\AppData\Local\Programs\Microsoft VS Code\bin;C:\Users\AgusGonza\AppData\Roaming\npm;C:\tools\neovim\Neovim\bin;C:\Program Files\JetBrains\PyCharm Community Edition 2021.2.3\bin;;C:\Program Files\JetBrains\WebStorm 2021.2.3\bin;;C:\Program Files\JetBrains\PyCharm 2021.2.3\bin;;C:\Program Files\JetBrains\IntelliJ IDEA 2021.2.3\bin;;C:\Program Files\JetBrains\CLion 2021.3\bin;;C:\Program Files\JetBrains\PhpStorm 2021.3\bin;;C:\Users\AgusGonza\.dotnet\tools;C:\Program Files\Azure Data Studio\bin;C:\Users\AgusGonza\AppData\Roaming\Composer\vendor\bin;C:\Users\AgusGonza\AppData\Local\GitHubDesktop\bin
USERNAME=AgusGonza
OS=Windows_NT
PROCESSOR_IDENTIFIER=Intel64 Family 6 Model 158 Stepping 9, GenuineIntel



---------------  S Y S T E M  ---------------

OS: Windows 10 , 64 bit Build 19041 (10.0.19041.1645)

CPU:total 4 (initial active 4) (4 cores per cpu, 1 threads per core) family 6 model 158 stepping 9, cmov, cx8, fxsr, mmx, sse, sse2, sse3, ssse3, sse4.1, sse4.2, popcnt, avx, avx2, aes, clmul, erms, 3dnowpref, lzcnt, tsc, tscinvbit, bmi1, bmi2, adx, fma

Memory: 4k page, system-wide physical 16348M (8435M free)
TotalPageFile size 20060M (AvailPageFile size 5542M)
current process WorkingSet (physical memory assigned to process): 139M, peak: 139M
current process commit charge ("private bytes"): 189M, peak: 404M

vm_info: OpenJDK 64-Bit Server VM (11.0.6+10) for windows-amd64 JRE (11.0.6+10), built on Jan 15 2020 06:14:58 by "" with MS VC++ 15.8 (VS2017)

END.
